0 info it worked if it ends with ok
1 verbose cli [ '/usr/bin/node', '/usr/bin/npm', 'link', 'your-app-content' ]
2 info using npm@1.4.28
3 info using node@v0.10.32
4 verbose node symlink /usr/bin/node
5 verbose install where,what [ '/usr/lib', [ 'your-app-content' ] ]
6 verbose cache add [ 'your-app-content', null ]
7 verbose cache add name=undefined spec="your-app-content" args=["your-app-content",null]
8 verbose parsed url { protocol: null,
8 verbose parsed url   slashes: null,
8 verbose parsed url   auth: null,
8 verbose parsed url   host: null,
8 verbose parsed url   port: null,
8 verbose parsed url   hostname: null,
8 verbose parsed url   hash: null,
8 verbose parsed url   search: null,
8 verbose parsed url   query: null,
8 verbose parsed url   pathname: 'your-app-content',
8 verbose parsed url   path: 'your-app-content',
8 verbose parsed url   href: 'your-app-content' }
9 silly lockFile 0fecb07b-your-app-content your-app-content
10 verbose lock your-app-content /root/.npm/0fecb07b-your-app-content.lock
11 silly lockFile 0fecb07b-your-app-content your-app-content
12 silly lockFile 0fecb07b-your-app-content your-app-content
13 verbose addNamed [ 'your-app-content', '' ]
14 verbose addNamed [ null, '*' ]
15 silly lockFile 8b07d3e3-your-app-content your-app-content@
16 verbose lock your-app-content@ /root/.npm/8b07d3e3-your-app-content.lock
17 silly addNameRange { name: 'your-app-content', range: '*', hasData: false }
18 verbose request where is /your-app-content
19 verbose request registry https://registry.npmjs.org/
20 verbose request id 2bfa9fbd86297195
21 verbose url raw /your-app-content
22 verbose url resolving [ 'https://registry.npmjs.org/', './your-app-content' ]
23 verbose url resolved https://registry.npmjs.org/your-app-content
24 verbose request where is https://registry.npmjs.org/your-app-content
25 info trying registry request attempt 1 at 00:42:21
26 http GET https://registry.npmjs.org/your-app-content
27 http 404 https://registry.npmjs.org/your-app-content
28 verbose headers { date: 'Tue, 14 Oct 2014 23:42:22 GMT',
28 verbose headers   server: 'CouchDB/1.5.0 (Erlang OTP/R16B03)',
28 verbose headers   'content-type': 'application/json',
28 verbose headers   'cache-control': 'max-age=0',
28 verbose headers   'content-length': '52',
28 verbose headers   'accept-ranges': 'bytes',
28 verbose headers   via: '1.1 varnish',
28 verbose headers   age: '0',
28 verbose headers   'x-served-by': 'cache-lcy1134-LCY',
28 verbose headers   'x-cache': 'MISS',
28 verbose headers   'x-cache-hits': '0',
28 verbose headers   'x-timer': 'S1413330142.099160,VS0,VE462',
28 verbose headers   'keep-alive': 'timeout=10, max=50',
28 verbose headers   connection: 'Keep-Alive' }
29 silly registry.get cb [ 404,
29 silly registry.get   { date: 'Tue, 14 Oct 2014 23:42:22 GMT',
29 silly registry.get     server: 'CouchDB/1.5.0 (Erlang OTP/R16B03)',
29 silly registry.get     'content-type': 'application/json',
29 silly registry.get     'cache-control': 'max-age=0',
29 silly registry.get     'content-length': '52',
29 silly registry.get     'accept-ranges': 'bytes',
29 silly registry.get     via: '1.1 varnish',
29 silly registry.get     age: '0',
29 silly registry.get     'x-served-by': 'cache-lcy1134-LCY',
29 silly registry.get     'x-cache': 'MISS',
29 silly registry.get     'x-cache-hits': '0',
29 silly registry.get     'x-timer': 'S1413330142.099160,VS0,VE462',
29 silly registry.get     'keep-alive': 'timeout=10, max=50',
29 silly registry.get     connection: 'Keep-Alive' } ]
30 silly lockFile 8b07d3e3-your-app-content your-app-content@
31 silly lockFile 8b07d3e3-your-app-content your-app-content@
32 error 404 404 Not Found: your-app-content
32 error 404
32 error 404 'your-app-content' is not in the npm registry.
32 error 404 You should bug the author to publish it
32 error 404
32 error 404 Note that you can also install from a
32 error 404 tarball, folder, or http url, or git url.
33 error System Linux 3.13.0-24-generic
34 error command "/usr/bin/node" "/usr/bin/npm" "link" "your-app-content"
35 error cwd /home/wolfie/Workspace/Projects/MeanStack/server
36 error node -v v0.10.32
37 error npm -v 1.4.28
38 error code E404
39 verbose exit [ 1, true ]
